#########################################################################################
#                    CFG: 3 LP: 5 BAUD: 2400 MD: 16 DFI: 0
#########################################################################################
MajorSystemMode = LP5
MajorMode = 16
dfi2ckratio = 0
dfiperiod = 2900
wck2ckratio = 2
EffectiveRL = 10
EffectiveWL = 8
csr_WL = 2
csr_nWR = 2
csr_RL = 2
csr_WLS = 1
csr_DQODT = 6
csr_CAODT = 0
csr_CSODT = 0
MinorMode_iRetrainMode = 2
MinorMode_iDLLCalibrationMode = 99

#########################################################################################
#                    CFG: 3 LP: 5 BAUD: 2400 MD: 16 DFI: 0 FUNCTIONAL_MODE
#########################################################################################
MajorSystemMode = LP5
MajorMode = 16
dfi2ckratio = 0
dfiperiod = 2900
wck2ckratio = 2
EffectiveRL = 10
EffectiveWL = 8
csr_WL = 2
csr_nWR = 2
csr_RL = 2
csr_WLS = 1
csr_DbiWr = 0
csr_DbiRd = 1
csr_DMD = 1
csr_DQODT = 6
csr_CAODT = 0
csr_CSODT = 0
MinorMode_iRetrainMode = 2
MinorMode_iDLLCalibrationMode = 99
MinorMode_iRxReadGateScheme = 0
MinorMode_iDMITrainMode = 1
csr_RdqsPre = 1
csr_WCKMode = 0
tWCKENL_FS = 1


#########################################################################################
#                    CFG: 3 LP: 5 BAUD: 2400 MD: 16 DFI: 0 FUNCTIONAL_TEST
#########################################################################################
MajorSystemMode = LP5
MajorMode = 16
dfi2ckratio = 0
SimMode_iDisableDebugPrint = 0
dfiperiod = 2900
wck2ckratio = 2
latencyMode = 1
EffectiveRL = 10
EffectiveWL = 8
csr_WL = 2
csr_nWR = 2
csr_RL = 2
csr_WLS = 1
csr_DQODT = 6
csr_CAODT = 0
csr_CSODT = 0
MinorMode_iActiveRanks = 4
MinorMode_iRetrainMode = 2
MinorMode_iWdqsDriveMode = 0
MinorMode_iPLLCalMode = 0
PLL_DisableHwCal = 0
PLL_NumCalClkCycles = 16
MinorMode_iDLLCalibrationMode = 99
DLL_EnablePeriodicCal = 1
DLL_Period = 24779
DLL_OverSampleRate = 15
DLL_CodeChangeDelay = 15
DLL_CommandWait = 3
DLL_DcdlStart = 0
DLL_DcdlStep = 8
DLL_EnableUpdateLimit = 0
DLL_UpdateLimit = 4
MinorMode_iDFTProgram = 0
MinorMode_iBumpReMap_En = 1
BumpReMapCS_0 = 0
BumpReMapCS_1 = 1
BumpReMapCS_2 = 2
BumpReMapCS_3 = 3
BumpReMapCA_0 = 0
BumpReMapCA_1 = 1
BumpReMapCA_2 = 2
BumpReMapCA_3 = 3
BumpReMapCA_4 = 4
BumpReMapCA_5 = 5
BumpReMapCK = 0
BumpReMapDBYTE_0 = 0
BumpReMapDQ0_0 = 0
BumpReMapDQ0_1 = 1
BumpReMapDQ0_2 = 2
BumpReMapDQ0_3 = 3
BumpReMapDQ0_4 = 4
BumpReMapDQ0_5 = 5
BumpReMapDQ0_6 = 6
BumpReMapDQ0_7 = 7
BumpReMapDMI_0 = 8
BumpReMapDQS_0 = 0
BumpReMapWCK_0 = 0
BumpReMapDBYTE_1 = 1
BumpReMapDQ1_0 = 0
BumpReMapDQ1_1 = 1
BumpReMapDQ1_2 = 2
BumpReMapDQ1_3 = 3
BumpReMapDQ1_4 = 4
BumpReMapDQ1_5 = 5
BumpReMapDQ1_6 = 6
BumpReMapDQ1_7 = 7
BumpReMapDMI_1 = 8
BumpReMapDQS_1 = 0
BumpReMapWCK_1 = 0
MinorMode_iClkEnMode = 0
MinorMode_iRxTCTrain = 0
MinorMode_iRetrainGateMode = 1
MinorMode_iCSTEn = 0
MinorMode_iRxEnhancedTrainMode = 0
MinorMode_iPhyMstr_DRAM_Mode = 0
csr_WCK_ON = 0
tWCKPRE_Toggle_WR = 4
csr_RpstMode = 0
csr_RECC = 0
csr_CKR = 1
csr_BkOrg = 2
csr_WCK_FM = 0
tWCKENL_RD = 1
csr_WECC = 0
csr_CkMode = 0
csr_WCK2DQIIntervalTimerRunTimeSetting = 251
tWCKPST = 5
csr_DVFSC = 0
tWCKPRE_Static = 2
csr_RdqsPst = 1
tWCKENL_WR = 3
BumpReMapCA_6 = 6
tWCKPRE_Toggle_FS = 8
csr_WCK2DQOIntervalTimerRunTimeSetting = 97
tWCKPRE_Toggle_RD = 8
csr_WckPst = 1
